0 info it worked if it ends with ok
1 verbose cli [ 'C:\\Program Files\\nodejs\\node.exe',
1 verbose cli   'C:\\Users\\sumair\\AppData\\Roaming\\npm\\node_modules\\npm\\bin\\npm-cli.js',
1 verbose cli   'run',
1 verbose cli   'test' ]
2 info using npm@4.0.5
3 info using node@v10.1.0
4 verbose run-script [ 'pretest', 'test', 'posttest' ]
5 info lifecycle backendauthjwt@1.0.0~pretest: backendauthjwt@1.0.0
6 silly lifecycle backendauthjwt@1.0.0~pretest: no script for pretest, continuing
7 info lifecycle backendauthjwt@1.0.0~test: backendauthjwt@1.0.0
8 verbose lifecycle backendauthjwt@1.0.0~test: unsafe-perm in lifecycle true
9 verbose lifecycle backendauthjwt@1.0.0~test: PATH: C:\Users\sumair\AppData\Roaming\npm\node_modules\npm\bin\node-gyp-bin;C:\Users\sumair\Desktop\Interview Task\node_modules\.bin;C:\ProgramData\Oracle\Java\javapath;C:\Program Files\Java\jdk1.8.0_152\bin;C:\WINDOWS\system32;C:\WINDOWS;C:\WINDOWS\System32\Wbem;C:\WINDOWS\System32\WindowsPowerShell\v1.0\;C:\Program Files\Git\cmd;C:\Program Files\Genymobile\Genymotion\tools;C:\Program Files\MongoDB\Server\3.6\bin;C:\Program Files (x86)\GtkSharp\2.12\bin;C:\ProgramData\chocolatey\bin;C:\Program Files (x86)\Windows Kits\8.1\Windows Performance Toolkit\;C:\WINDOWS\System32\OpenSSH\;C:\Program Files\nodejs\;C:\Program Files (x86)\Yarn\bin\;C:\Users\sumair\AppData\Local\Microsoft\WindowsApps;;C:\Program Files\Microsoft VS Code\bin;C:\Users\sumair\AppData\Local\.meteor;C:\Users\sumair\AppData\Roaming\npm;C:\Users\sumair\AppData\Local\Yarn\bin
10 verbose lifecycle backendauthjwt@1.0.0~test: CWD: C:\Users\sumair\Desktop\Interview Task
11 silly lifecycle backendauthjwt@1.0.0~test: Args: [ '/d /s /c', 'mocha || true' ]
12 silly lifecycle backendauthjwt@1.0.0~test: Returned: code: 1  signal: null
13 info lifecycle backendauthjwt@1.0.0~test: Failed to exec test script
14 verbose stack Error: backendauthjwt@1.0.0 test: `mocha || true`
14 verbose stack Exit status 1
14 verbose stack     at EventEmitter.<anonymous> (C:\Users\sumair\AppData\Roaming\npm\node_modules\npm\lib\utils\lifecycle.js:279:16)
14 verbose stack     at EventEmitter.emit (events.js:182:13)
14 verbose stack     at ChildProcess.<anonymous> (C:\Users\sumair\AppData\Roaming\npm\node_modules\npm\lib\utils\spawn.js:40:14)
14 verbose stack     at ChildProcess.emit (events.js:182:13)
14 verbose stack     at maybeClose (internal/child_process.js:957:16)
14 verbose stack     at Process.ChildProcess._handle.onexit (internal/child_process.js:246:5)
15 verbose pkgid backendauthjwt@1.0.0
16 verbose cwd C:\Users\sumair\Desktop\Interview Task
17 error Windows_NT 10.0.17134
18 error argv "C:\\Program Files\\nodejs\\node.exe" "C:\\Users\\sumair\\AppData\\Roaming\\npm\\node_modules\\npm\\bin\\npm-cli.js" "run" "test"
19 error node v10.1.0
20 error npm  v4.0.5
21 error code ELIFECYCLE
22 error backendauthjwt@1.0.0 test: `mocha || true`
22 error Exit status 1
23 error Failed at the backendauthjwt@1.0.0 test script 'mocha || true'.
23 error Make sure you have the latest version of node.js and npm installed.
23 error If you do, this is most likely a problem with the backendauthjwt package,
23 error not with npm itself.
23 error Tell the author that this fails on your system:
23 error     mocha || true
23 error You can get information on how to open an issue for this project with:
23 error     npm bugs backendauthjwt
23 error Or if that isn't available, you can get their info via:
23 error     npm owner ls backendauthjwt
23 error There is likely additional logging output above.
24 verbose exit [ 1, true ]
